timestamp: 2023-05-02T11:59:13.052582
CREATE TABLE "auth_user"(
    "id" INTEGER PRIMARY KEY AUTOINCREMENT,
    "first_name" CHAR(128),
    "last_name" CHAR(128),
    "email" CHAR(512),
    "password" CHAR(512),
    "registration_key" CHAR(512),
    "reset_password_key" CHAR(512),
    "registration_id" CHAR(512)
);
success!
timestamp: 2023-05-02T11:59:13.292613
CREATE TABLE "auth_group"(
    "id" INTEGER PRIMARY KEY AUTOINCREMENT,
    "role" CHAR(512),
    "description" TEXT
);
success!
timestamp: 2023-05-02T11:59:13.360755
CREATE TABLE "auth_membership"(
    "id" INTEGER PRIMARY KEY AUTOINCREMENT,
    "user_id" INTEGER REFERENCES "auth_user" ("id") ON DELETE CASCADE ON UPDATE CASCADE  ,
    "group_id" INTEGER REFERENCES "auth_group" ("id") ON DELETE CASCADE ON UPDATE CASCADE  
);
success!
timestamp: 2023-05-02T11:59:13.433170
CREATE TABLE "auth_permission"(
    "id" INTEGER PRIMARY KEY AUTOINCREMENT,
    "group_id" INTEGER REFERENCES "auth_group" ("id") ON DELETE CASCADE ON UPDATE CASCADE  ,
    "name" CHAR(512),
    "table_name" CHAR(512),
    "record_id" INTEGER
);
success!
timestamp: 2023-05-02T11:59:13.507056
CREATE TABLE "auth_event"(
    "id" INTEGER PRIMARY KEY AUTOINCREMENT,
    "time_stamp" TIMESTAMP,
    "client_ip" CHAR(512),
    "user_id" INTEGER REFERENCES "auth_user" ("id") ON DELETE CASCADE ON UPDATE CASCADE  ,
    "origin" CHAR(512),
    "description" TEXT
);
success!
timestamp: 2023-05-02T11:59:13.598457
CREATE TABLE "auth_cas"(
    "id" INTEGER PRIMARY KEY AUTOINCREMENT,
    "user_id" INTEGER REFERENCES "auth_user" ("id") ON DELETE CASCADE ON UPDATE CASCADE  ,
    "created_on" TIMESTAMP,
    "service" CHAR(512),
    "ticket" CHAR(512),
    "renew" CHAR(1)
);
success!
timestamp: 2023-05-02T14:55:28.860935
CREATE TABLE `leave_types`(
    `id` INT AUTO_INCREMENT NOT NULL,
    `cid` VARCHAR(512),
    `from_number` VARCHAR(512),
    `message` VARCHAR(512),
    `res_datetime` DATETIME,
    `field1` VARCHAR(512),
    `field2` INTEGER,
    `note` VARCHAR(512),
    `created_on` DATETIME,
    `created_by` VARCHAR(512),
    `updated_on` DATETIME,
    `updated_by` VARCHAR(512),
    PRIMARY KEY (`id`)
) ENGINE=InnoDB CHARACTER SET utf8;
success!
timestamp: 2023-05-02T15:05:19.540697
CREATE TABLE `inbox`(
    `id` INT AUTO_INCREMENT NOT NULL,
    `cid` VARCHAR(512),
    `from_number` VARCHAR(512),
    `message` VARCHAR(512),
    `res_datetime` DATETIME,
    `field1` VARCHAR(512),
    `field2` INTEGER,
    `note` VARCHAR(512),
    `created_on` DATETIME,
    `created_by` VARCHAR(512),
    `updated_on` DATETIME,
    `updated_by` VARCHAR(512),
    PRIMARY KEY (`id`)
) ENGINE=InnoDB CHARACTER SET utf8;
timestamp: 2023-05-02T15:05:47.140249
CREATE TABLE `inbox`(
    `id` INT AUTO_INCREMENT NOT NULL,
    `cid` VARCHAR(512),
    `from_number` VARCHAR(512),
    `message` VARCHAR(512),
    `res_datetime` DATETIME,
    `field1` VARCHAR(512),
    `field2` INTEGER,
    `note` VARCHAR(512),
    `created_on` DATETIME,
    `created_by` VARCHAR(512),
    `updated_on` DATETIME,
    `updated_by` VARCHAR(512),
    PRIMARY KEY (`id`)
) ENGINE=InnoDB CHARACTER SET utf8;
success!
